[2024-01-05T13:14:35.275-0100][0.007s] Using G1
[2024-01-05T13:14:35.449-0100][0.181s] Version: 15.0.2+7 (release)
[2024-01-05T13:14:35.449-0100][0.181s] CPUs: 12 total, 12 available
[2024-01-05T13:14:35.449-0100][0.181s] Memory: 16384M
[2024-01-05T13:14:35.449-0100][0.181s] Large Page Support: Disabled
[2024-01-05T13:14:35.449-0100][0.181s] NUMA Support: Disabled
[2024-01-05T13:14:35.449-0100][0.181s] Compressed Oops: Enabled (Zero based)
[2024-01-05T13:14:35.449-0100][0.181s] Heap Region Size: 1M
[2024-01-05T13:14:35.449-0100][0.181s] Heap Min Capacity: 512M
[2024-01-05T13:14:35.449-0100][0.181s] Heap Initial Capacity: 512M
[2024-01-05T13:14:35.449-0100][0.181s] Heap Max Capacity: 512M
[2024-01-05T13:14:35.449-0100][0.181s] Pre-touch: Enabled
[2024-01-05T13:14:35.449-0100][0.181s] Parallel Workers: 10
[2024-01-05T13:14:35.449-0100][0.181s] Concurrent Workers: 3
[2024-01-05T13:14:35.449-0100][0.181s] Concurrent Refinement Workers: 10
[2024-01-05T13:14:35.449-0100][0.181s] Periodic GC: Disabled
[2024-01-05T13:14:35.450-0100][0.182s] Mark closed archive regions in map: [0x00000007fff00000, 0x00000007fff78ff8]
[2024-01-05T13:14:35.450-0100][0.182s] Mark open archive regions in map: [0x00000007ffe00000, 0x00000007ffe50ff8]
[2024-01-05T13:14:35.450-0100][0.182s] CDS archive(s) mapped at: [0x0000000800000000-0x0000000800b2f000-0x0000000800b2f000), size 11726848, SharedBaseAddress: 0x0000000800000000, ArchiveRelocationMode: 0.
[2024-01-05T13:14:35.450-0100][0.182s] Compressed class space mapped at: 0x0000000800b30000-0x0000000840b30000, size: 1073741824
[2024-01-05T13:14:35.450-0100][0.182s] Narrow klass base: 0x0000000800000000, Narrow klass shift: 3, Narrow klass range: 0x100000000
[2024-01-05T13:14:35.802-0100][0.534s] GC(0) Pause Young (Normal) (G1 Evacuation Pause)
[2024-01-05T13:14:35.802-0100][0.534s] GC(0) Using 10 workers of 10 for evacuation
[2024-01-05T13:14:35.804-0100][0.536s] GC(0)   Pre Evacuate Collection Set: 0.1ms
[2024-01-05T13:14:35.804-0100][0.536s] GC(0)   Merge Heap Roots: 0.0ms
[2024-01-05T13:14:35.804-0100][0.536s] GC(0)   Evacuate Collection Set: 1.3ms
[2024-01-05T13:14:35.804-0100][0.536s] GC(0)   Post Evacuate Collection Set: 0.3ms
[2024-01-05T13:14:35.804-0100][0.536s] GC(0)   Other: 0.6ms
[2024-01-05T13:14:35.804-0100][0.536s] GC(0) Eden regions: 29->0(54)
[2024-01-05T13:14:35.804-0100][0.536s] GC(0) Survivor regions: 0->4(4)
[2024-01-05T13:14:35.804-0100][0.536s] GC(0) Old regions: 0->0
[2024-01-05T13:14:35.804-0100][0.536s] GC(0) Archive regions: 2->2
[2024-01-05T13:14:35.804-0100][0.536s] GC(0) Humongous regions: 0->0
[2024-01-05T13:14:35.804-0100][0.536s] GC(0) Metaspace: 6889K(8064K)->6889K(8064K) NonClass: 6082K(7168K)->6082K(7168K) Class: 806K(896K)->806K(896K)
[2024-01-05T13:14:35.804-0100][0.536s] GC(0) Pause Young (Normal) (G1 Evacuation Pause) 29M->3M(512M) 2.379ms
[2024-01-05T13:14:35.804-0100][0.536s] GC(0) User=0.02s Sys=0.00s Real=0.00s
[2024-01-05T13:14:36.282-0100][1.014s] GC(1) Pause Young (Normal) (G1 Evacuation Pause)
[2024-01-05T13:14:36.282-0100][1.014s] GC(1) Using 10 workers of 10 for evacuation
[2024-01-05T13:14:36.288-0100][1.020s] GC(1)   Pre Evacuate Collection Set: 0.1ms
[2024-01-05T13:14:36.288-0100][1.020s] GC(1)   Merge Heap Roots: 0.1ms
[2024-01-05T13:14:36.288-0100][1.020s] GC(1)   Evacuate Collection Set: 5.7ms
[2024-01-05T13:14:36.288-0100][1.020s] GC(1)   Post Evacuate Collection Set: 0.7ms
[2024-01-05T13:14:36.288-0100][1.020s] GC(1)   Other: 0.1ms
[2024-01-05T13:14:36.288-0100][1.020s] GC(1) Eden regions: 54->0(184)
[2024-01-05T13:14:36.288-0100][1.020s] GC(1) Survivor regions: 4->8(8)
[2024-01-05T13:14:36.288-0100][1.020s] GC(1) Old regions: 0->11
[2024-01-05T13:14:36.288-0100][1.020s] GC(1) Archive regions: 2->2
[2024-01-05T13:14:36.288-0100][1.020s] GC(1) Humongous regions: 4->4
[2024-01-05T13:14:36.288-0100][1.020s] GC(1) Metaspace: 15963K(16384K)->15963K(16384K) NonClass: 14113K(14336K)->14113K(14336K) Class: 1850K(2048K)->1850K(2048K)
[2024-01-05T13:14:36.288-0100][1.020s] GC(1) Pause Young (Normal) (G1 Evacuation Pause) 61M->23M(512M) 6.736ms
[2024-01-05T13:14:36.288-0100][1.020s] GC(1) User=0.05s Sys=0.00s Real=0.00s
[2024-01-05T13:14:36.654-0100][1.386s] GC(2) Pause Young (Concurrent Start) (Metadata GC Threshold)
[2024-01-05T13:14:36.654-0100][1.386s] GC(2) Using 10 workers of 10 for evacuation
[2024-01-05T13:14:36.658-0100][1.390s] GC(2)   Pre Evacuate Collection Set: 0.1ms
[2024-01-05T13:14:36.658-0100][1.390s] GC(2)   Merge Heap Roots: 0.1ms
[2024-01-05T13:14:36.658-0100][1.390s] GC(2)   Evacuate Collection Set: 2.7ms
[2024-01-05T13:14:36.658-0100][1.390s] GC(2)   Post Evacuate Collection Set: 0.6ms
[2024-01-05T13:14:36.658-0100][1.390s] GC(2)   Other: 0.2ms
[2024-01-05T13:14:36.658-0100][1.390s] GC(2) Eden regions: 30->0(289)
[2024-01-05T13:14:36.658-0100][1.390s] GC(2) Survivor regions: 8->9(19)
[2024-01-05T13:14:36.658-0100][1.390s] GC(2) Old regions: 11->11
[2024-01-05T13:14:36.658-0100][1.390s] GC(2) Archive regions: 2->2
[2024-01-05T13:14:36.658-0100][1.390s] GC(2) Humongous regions: 4->4
[2024-01-05T13:14:36.658-0100][1.390s] GC(2) Metaspace: 20643K(21248K)->20643K(21248K) NonClass: 18284K(18688K)->18284K(18688K) Class: 2359K(2560K)->2359K(2560K)
[2024-01-05T13:14:36.658-0100][1.390s] GC(2) Pause Young (Concurrent Start) (Metadata GC Threshold) 53M->24M(512M) 3.834ms
[2024-01-05T13:14:36.658-0100][1.390s] GC(2) User=0.03s Sys=0.00s Real=0.00s
[2024-01-05T13:14:36.658-0100][1.390s] GC(3) Concurrent Cycle
[2024-01-05T13:14:36.658-0100][1.390s] GC(3) Concurrent Clear Claimed Marks
[2024-01-05T13:14:36.658-0100][1.390s] GC(3) Concurrent Clear Claimed Marks 0.024ms
[2024-01-05T13:14:36.658-0100][1.390s] GC(3) Concurrent Scan Root Regions
[2024-01-05T13:14:36.660-0100][1.392s] GC(3) Concurrent Scan Root Regions 1.974ms
[2024-01-05T13:14:36.660-0100][1.392s] GC(3) Concurrent Mark (1.392s)
[2024-01-05T13:14:36.660-0100][1.392s] GC(3) Concurrent Mark From Roots
[2024-01-05T13:14:36.660-0100][1.392s] GC(3) Using 3 workers of 3 for marking
[2024-01-05T13:14:36.665-0100][1.397s] GC(3) Concurrent Mark From Roots 4.821ms
[2024-01-05T13:14:36.665-0100][1.397s] GC(3) Concurrent Preclean
[2024-01-05T13:14:36.665-0100][1.397s] GC(3) Concurrent Preclean 0.034ms
[2024-01-05T13:14:36.665-0100][1.397s] GC(3) Concurrent Mark (1.392s, 1.397s) 4.932ms
[2024-01-05T13:14:36.665-0100][1.397s] GC(3) Pause Remark
[2024-01-05T13:14:36.666-0100][1.398s] GC(3) Pause Remark 26M->26M(512M) 0.811ms
[2024-01-05T13:14:36.666-0100][1.398s] GC(3) User=0.00s Sys=0.00s Real=0.00s
[2024-01-05T13:14:36.666-0100][1.398s] GC(3) Concurrent Rebuild Remembered Sets
[2024-01-05T13:14:36.669-0100][1.401s] GC(3) Concurrent Rebuild Remembered Sets 2.724ms
[2024-01-05T13:14:36.669-0100][1.401s] GC(3) Pause Cleanup
[2024-01-05T13:14:36.670-0100][1.402s] GC(3) Pause Cleanup 27M->27M(512M) 0.118ms
[2024-01-05T13:14:36.670-0100][1.402s] GC(3) User=0.00s Sys=0.00s Real=0.01s
[2024-01-05T13:14:36.670-0100][1.402s] GC(3) Concurrent Cleanup for Next Mark
[2024-01-05T13:14:36.670-0100][1.402s] GC(3) Concurrent Cleanup for Next Mark 0.717ms
[2024-01-05T13:14:36.670-0100][1.402s] GC(3) Concurrent Cycle 12.127ms
[2024-01-05T13:14:37.742-0100][2.474s] GC(4) Pause Young (Concurrent Start) (Metadata GC Threshold)
[2024-01-05T13:14:37.742-0100][2.474s] GC(4) Using 10 workers of 10 for evacuation
[2024-01-05T13:14:37.750-0100][2.482s] GC(4)   Pre Evacuate Collection Set: 0.1ms
[2024-01-05T13:14:37.750-0100][2.482s] GC(4)   Merge Heap Roots: 0.1ms
[2024-01-05T13:14:37.750-0100][2.482s] GC(4)   Evacuate Collection Set: 6.5ms
[2024-01-05T13:14:37.750-0100][2.482s] GC(4)   Post Evacuate Collection Set: 0.9ms
[2024-01-05T13:14:37.750-0100][2.482s] GC(4)   Other: 0.2ms
[2024-01-05T13:14:37.750-0100][2.482s] GC(4) Eden regions: 91->0(291)
[2024-01-05T13:14:37.750-0100][2.482s] GC(4) Survivor regions: 9->16(37)
[2024-01-05T13:14:37.750-0100][2.482s] GC(4) Old regions: 11->11
[2024-01-05T13:14:37.750-0100][2.482s] GC(4) Archive regions: 2->2
[2024-01-05T13:14:37.750-0100][2.482s] GC(4) Humongous regions: 4->4
[2024-01-05T13:14:37.750-0100][2.482s] GC(4) Metaspace: 34961K(35840K)->34961K(35840K) NonClass: 31027K(31744K)->31027K(31744K) Class: 3933K(4096K)->3933K(4096K)
[2024-01-05T13:14:37.750-0100][2.482s] GC(4) Pause Young (Concurrent Start) (Metadata GC Threshold) 115M->31M(512M) 8.118ms
[2024-01-05T13:14:37.750-0100][2.482s] GC(4) User=0.07s Sys=0.01s Real=0.01s
[2024-01-05T13:14:37.750-0100][2.483s] GC(5) Concurrent Cycle
[2024-01-05T13:14:37.751-0100][2.483s] GC(5) Concurrent Clear Claimed Marks
[2024-01-05T13:14:37.751-0100][2.483s] GC(5) Concurrent Clear Claimed Marks 0.030ms
[2024-01-05T13:14:37.751-0100][2.483s] GC(5) Concurrent Scan Root Regions
[2024-01-05T13:14:37.755-0100][2.488s] GC(5) Concurrent Scan Root Regions 4.921ms
[2024-01-05T13:14:37.756-0100][2.488s] GC(5) Concurrent Mark (2.488s)
[2024-01-05T13:14:37.756-0100][2.488s] GC(5) Concurrent Mark From Roots
[2024-01-05T13:14:37.756-0100][2.488s] GC(5) Using 3 workers of 3 for marking
[2024-01-05T13:14:37.765-0100][2.497s] GC(5) Concurrent Mark From Roots 8.972ms
[2024-01-05T13:14:37.765-0100][2.497s] GC(5) Concurrent Preclean
[2024-01-05T13:14:37.765-0100][2.497s] GC(5) Concurrent Preclean 0.059ms
[2024-01-05T13:14:37.765-0100][2.497s] GC(5) Concurrent Mark (2.488s, 2.497s) 9.152ms
[2024-01-05T13:14:37.765-0100][2.497s] GC(5) Pause Remark
[2024-01-05T13:14:37.766-0100][2.498s] GC(5) Pause Remark 35M->35M(512M) 1.244ms
[2024-01-05T13:14:37.766-0100][2.498s] GC(5) User=0.01s Sys=0.00s Real=0.00s
[2024-01-05T13:14:37.766-0100][2.498s] GC(5) Concurrent Rebuild Remembered Sets
[2024-01-05T13:14:37.772-0100][2.504s] GC(5) Concurrent Rebuild Remembered Sets 5.341ms
[2024-01-05T13:14:37.772-0100][2.504s] GC(5) Pause Cleanup
[2024-01-05T13:14:37.772-0100][2.504s] GC(5) Pause Cleanup 35M->35M(512M) 0.141ms
[2024-01-05T13:14:37.772-0100][2.505s] GC(5) User=0.00s Sys=0.00s Real=0.00s
[2024-01-05T13:14:37.773-0100][2.505s] GC(5) Concurrent Cleanup for Next Mark
[2024-01-05T13:14:37.774-0100][2.506s] GC(5) Concurrent Cleanup for Next Mark 1.044ms
[2024-01-05T13:14:37.774-0100][2.506s] GC(5) Concurrent Cycle 23.300ms
[2024-01-05T13:14:40.523-0100][5.255s] GC(6) Pause Young (Normal) (G1 Evacuation Pause)
[2024-01-05T13:14:40.544-0100][5.276s] GC(6) Using 10 workers of 10 for evacuation
[2024-01-05T13:14:40.560-0100][5.292s] GC(6)   Pre Evacuate Collection Set: 0.3ms
[2024-01-05T13:14:40.568-0100][5.300s] GC(6)   Merge Heap Roots: 0.2ms
[2024-01-05T13:14:40.568-0100][5.300s] GC(6)   Evacuate Collection Set: 14.1ms
[2024-01-05T13:14:40.568-0100][5.300s] GC(6)   Post Evacuate Collection Set: 1.4ms
[2024-01-05T13:14:40.568-0100][5.300s] GC(6)   Other: 21.5ms
[2024-01-05T13:14:40.568-0100][5.300s] GC(6) Eden regions: 291->0(269)
[2024-01-05T13:14:40.568-0100][5.300s] GC(6) Survivor regions: 16->38(39)
[2024-01-05T13:14:40.568-0100][5.300s] GC(6) Old regions: 11->11
[2024-01-05T13:14:40.568-0100][5.301s] GC(6) Archive regions: 2->2
[2024-01-05T13:14:40.568-0100][5.301s] GC(6) Humongous regions: 5->4
[2024-01-05T13:14:40.568-0100][5.301s] GC(6) Metaspace: 52149K(53452K)->52149K(53452K) NonClass: 46028K(47104K)->46028K(47104K) Class: 6120K(6348K)->6120K(6348K)
[2024-01-05T13:14:40.569-0100][5.301s] GC(6) Pause Young (Normal) (G1 Evacuation Pause) 323M->53M(512M) 45.696ms
[2024-01-05T13:14:40.569-0100][5.301s] GC(6) User=0.15s Sys=0.00s Real=0.04s
